The system is: MSYS - 3.0.7-338.x86_64 - x86_64
Compiling the C compiler identification source file "CMakeCCompilerId.c" succeeded.
Compiler: /mingw64/bin/cc.exe 
Build flags: 
Id flags:  

The output was:
0


Compilation of the C compiler identification source "CMakeCCompilerId.c" produced "a.exe"

The C compiler identification is GNU, found in "/c/Users/MazeOfEncryption/Documents/GitHub/MazeEngine/CMakeFiles/3.15.0/CompilerIdC/a.exe"

Compiling the CXX compiler identification source file "CMakeCXXCompilerId.cpp" succeeded.
Compiler: /mingw64/bin/c++.exe 
Build flags: 
Id flags:  

The output was:
0


Compilation of the CXX compiler identification source "CMakeCXXCompilerId.cpp" produced "a.exe"

The CXX compiler identification is GNU, found in "/c/Users/MazeOfEncryption/Documents/GitHub/MazeEngine/CMakeFiles/3.15.0/CompilerIdCXX/a.exe"

Determining if the C compiler works passed with the following output:
Change Dir: /c/Users/MazeOfEncryption/Documents/GitHub/MazeEngine/CMakeFiles/CMakeTmp

Run Build Command(s):/usr/bin/make.exe cmTC_8aadc/fast && make[2]: Entering directory '/c/Users/MazeOfEncryption/Documents/GitHub/MazeEngine/CMakeFiles/CMakeTmp'
/usr/bin/make -f CMakeFiles/cmTC_8aadc.dir/build.make CMakeFiles/cmTC_8aadc.dir/build
make[3]: Entering directory '/c/Users/MazeOfEncryption/Documents/GitHub/MazeEngine/CMakeFiles/CMakeTmp'
Building C object CMakeFiles/cmTC_8aadc.dir/testCCompiler.c.o
/mingw64/bin/cc.exe    -o CMakeFiles/cmTC_8aadc.dir/testCCompiler.c.o   -c /c/Users/MazeOfEncryption/Documents/GitHub/MazeEngine/CMakeFiles/CMakeTmp/testCCompiler.c
Linking C executable cmTC_8aadc.exe
/usr/bin/cmake.exe -E cmake_link_script CMakeFiles/cmTC_8aadc.dir/link.txt --verbose=1
/mingw64/bin/cc.exe    -Wl,--enable-auto-import  CMakeFiles/cmTC_8aadc.dir/testCCompiler.c.o  -o cmTC_8aadc.exe -Wl,--out-implib,libcmTC_8aadc.dll.a -Wl,--major-image-version,0,--minor-image-version,0 
make[3]: Leaving directory '/c/Users/MazeOfEncryption/Documents/GitHub/MazeEngine/CMakeFiles/CMakeTmp'
make[2]: Leaving directory '/c/Users/MazeOfEncryption/Documents/GitHub/MazeEngine/CMakeFiles/CMakeTmp'



Detecting C compiler ABI info compiled with the following output:
Change Dir: /c/Users/MazeOfEncryption/Documents/GitHub/MazeEngine/CMakeFiles/CMakeTmp

Run Build Command(s):/usr/bin/make.exe cmTC_52bc8/fast && make[2]: Entering directory '/c/Users/MazeOfEncryption/Documents/GitHub/MazeEngine/CMakeFiles/CMakeTmp'
/usr/bin/make -f CMakeFiles/cmTC_52bc8.dir/build.make CMakeFiles/cmTC_52bc8.dir/build
make[3]: Entering directory '/c/Users/MazeOfEncryption/Documents/GitHub/MazeEngine/CMakeFiles/CMakeTmp'
Building C object CMakeFiles/cmTC_52bc8.dir/CMakeCCompilerABI.c.o
/mingw64/bin/cc.exe   -v -o CMakeFiles/cmTC_52bc8.dir/CMakeCCompilerABI.c.o   -c /usr/share/cmake-3.15.0/Modules/CMakeCCompilerABI.c
Using built-in specs.
COLLECT_GCC=C:\msys64\mingw64\bin\cc.exe
Target: x86_64-w64-mingw32
Configured with: ../gcc-9.1.0/configure --prefix=/mingw64 --with-local-prefix=/mingw64/local --build=x86_64-w64-mingw32 --host=x86_64-w64-mingw32 --target=x86_64-w64-mingw32 --with-native-system-header-dir=/mingw64/x86_64-w64-mingw32/include --libexecdir=/mingw64/lib --enable-bootstrap --with-arch=x86-64 --with-tune=generic --enable-languages=c,lto,c++,fortran,ada,objc,obj-c++ --enable-shared --enable-static --enable-libatomic --enable-threads=posix --enable-graphite --enable-fully-dynamic-string --enable-libstdcxx-filesystem-ts=yes --enable-libstdcxx-time=yes --disable-libstdcxx-pch --disable-libstdcxx-debug --disable-isl-version-check --enable-lto --enable-libgomp --disable-multilib --enable-checking=release --disable-rpath --disable-win32-registry --disable-nls --disable-werror --disable-symvers --enable-plugin --with-libiconv --with-system-zlib --with-gmp=/mingw64 --with-mpfr=/mingw64 --with-mpc=/mingw64 --with-isl=/mingw64 --with-pkgversion='Rev3, Built by MSYS2 project' --with-bugurl=https://sourceforge.net/projects/msys2 --with-gnu-as --with-gnu-ld
Thread model: posix
gcc version 9.1.0 (Rev3, Built by MSYS2 project) 
COLLECT_GCC_OPTIONS='-v' '-o' 'CMakeFiles/cmTC_52bc8.dir/CMakeCCompilerABI.c.o' '-c' '-mtune=generic' '-march=x86-64'
 C:/msys64/mingw64/bin/../lib/gcc/x86_64-w64-mingw32/9.1.0/cc1.exe -quiet -v -iprefix C:/msys64/mingw64/bin/../lib/gcc/x86_64-w64-mingw32/9.1.0/ -D_REENTRANT C:/msys64/usr/share/cmake-3.15.0/Modules/CMakeCCompilerABI.c -quiet -dumpbase CMakeCCompilerABI.c -mtune=generic -march=x86-64 -auxbase-strip CMakeFiles/cmTC_52bc8.dir/CMakeCCompilerABI.c.o -version -o C:\Users\MAZEOF~1\AppData\Local\Temp\ccfR1JT2.s
GNU C17 (Rev3, Built by MSYS2 project) version 9.1.0 (x86_64-w64-mingw32)
	compiled by GNU C version 9.1.0, GMP version 6.1.2, MPFR version 4.0.2, MPC version 1.1.0, isl version isl-0.21-GMP

GGC heuristics: --param ggc-min-expand=100 --param ggc-min-heapsize=131072
ignoring duplicate directory "C:/msys64/mingw64/lib/gcc/../../lib/gcc/x86_64-w64-mingw32/9.1.0/include"
ignoring nonexistent directory "F:/msys64/mingw64/include"
ignoring nonexistent directory "/mingw64/include"
ignoring duplicate directory "C:/msys64/mingw64/lib/gcc/../../lib/gcc/x86_64-w64-mingw32/9.1.0/include-fixed"
ignoring duplicate directory "C:/msys64/mingw64/lib/gcc/../../lib/gcc/x86_64-w64-mingw32/9.1.0/../../../../x86_64-w64-mingw32/include"
ignoring nonexistent directory "F:/msys64/mingw64/x86_64-w64-mingw32/include"
#include "..." search starts here:
#include <...> search starts here:
 C:/msys64/mingw64/bin/../lib/gcc/x86_64-w64-mingw32/9.1.0/include
 C:/msys64/mingw64/bin/../lib/gcc/x86_64-w64-mingw32/9.1.0/../../../../include
 C:/msys64/mingw64/bin/../lib/gcc/x86_64-w64-mingw32/9.1.0/include-fixed
 C:/msys64/mingw64/bin/../lib/gcc/x86_64-w64-mingw32/9.1.0/../../../../x86_64-w64-mingw32/include
End of search list.
GNU C17 (Rev3, Built by MSYS2 project) version 9.1.0 (x86_64-w64-mingw32)
	compiled by GNU C version 9.1.0, GMP version 6.1.2, MPFR version 4.0.2, MPC version 1.1.0, isl version isl-0.21-GMP

GGC heuristics: --param ggc-min-expand=100 --param ggc-min-heapsize=131072
Compiler executable checksum: 601d1e58eabde9ed58c3efd0b40630ef
COLLECT_GCC_OPTIONS='-v' '-o' 'CMakeFiles/cmTC_52bc8.dir/CMakeCCompilerABI.c.o' '-c' '-mtune=generic' '-march=x86-64'
 C:/msys64/mingw64/bin/../lib/gcc/x86_64-w64-mingw32/9.1.0/../../../../x86_64-w64-mingw32/bin/as.exe -v -o CMakeFiles/cmTC_52bc8.dir/CMakeCCompilerABI.c.o C:\Users\MAZEOF~1\AppData\Local\Temp\ccfR1JT2.s
GNU assembler version 2.30 (x86_64-w64-mingw32) using BFD version (GNU Binutils) 2.30
COMPILER_PATH=C:/msys64/mingw64/bin/../lib/gcc/x86_64-w64-mingw32/9.1.0/;C:/msys64/mingw64/bin/../lib/gcc/;C:/msys64/mingw64/bin/../lib/gcc/x86_64-w64-mingw32/9.1.0/../../../../x86_64-w64-mingw32/bin/
LIBRARY_PATH=C:/msys64/mingw64/bin/../lib/gcc/x86_64-w64-mingw32/9.1.0/;C:/msys64/mingw64/bin/../lib/gcc/;C:/msys64/mingw64/bin/../lib/gcc/x86_64-w64-mingw32/9.1.0/../../../../x86_64-w64-mingw32/lib/../lib/;C:/msys64/mingw64/bin/../lib/gcc/x86_64-w64-mingw32/9.1.0/../../../../lib/;C:/msys64/mingw64/bin/../lib/gcc/x86_64-w64-mingw32/9.1.0/../../../../x86_64-w64-mingw32/lib/;C:/msys64/mingw64/bin/../lib/gcc/x86_64-w64-mingw32/9.1.0/../../../
COLLECT_GCC_OPTIONS='-v' '-o' 'CMakeFiles/cmTC_52bc8.dir/CMakeCCompilerABI.c.o' '-c' '-mtune=generic' '-march=x86-64'
Linking C executable cmTC_52bc8.exe
/usr/bin/cmake.exe -E cmake_link_script CMakeFiles/cmTC_52bc8.dir/link.txt --verbose=1
/mingw64/bin/cc.exe    -Wl,--enable-auto-import -v CMakeFiles/cmTC_52bc8.dir/CMakeCCompilerABI.c.o  -o cmTC_52bc8.exe -Wl,--out-implib,libcmTC_52bc8.dll.a -Wl,--major-image-version,0,--minor-image-version,0 
Using built-in specs.
COLLECT_GCC=C:\msys64\mingw64\bin\cc.exe
COLLECT_LTO_WRAPPER=C:/msys64/mingw64/bin/../lib/gcc/x86_64-w64-mingw32/9.1.0/lto-wrapper.exe
Target: x86_64-w64-mingw32
Configured with: ../gcc-9.1.0/configure --prefix=/mingw64 --with-local-prefix=/mingw64/local --build=x86_64-w64-mingw32 --host=x86_64-w64-mingw32 --target=x86_64-w64-mingw32 --with-native-system-header-dir=/mingw64/x86_64-w64-mingw32/include --libexecdir=/mingw64/lib --enable-bootstrap --with-arch=x86-64 --with-tune=generic --enable-languages=c,lto,c++,fortran,ada,objc,obj-c++ --enable-shared --enable-static --enable-libatomic --enable-threads=posix --enable-graphite --enable-fully-dynamic-string --enable-libstdcxx-filesystem-ts=yes --enable-libstdcxx-time=yes --disable-libstdcxx-pch --disable-libstdcxx-debug --disable-isl-version-check --enable-lto --enable-libgomp --disable-multilib --enable-checking=release --disable-rpath --disable-win32-registry --disable-nls --disable-werror --disable-symvers --enable-plugin --with-libiconv --with-system-zlib --with-gmp=/mingw64 --with-mpfr=/mingw64 --with-mpc=/mingw64 --with-isl=/mingw64 --with-pkgversion='Rev3, Built by MSYS2 project' --with-bugurl=https://sourceforge.net/projects/msys2 --with-gnu-as --with-gnu-ld
Thread model: posix
gcc version 9.1.0 (Rev3, Built by MSYS2 project) 
COMPILER_PATH=C:/msys64/mingw64/bin/../lib/gcc/x86_64-w64-mingw32/9.1.0/;C:/msys64/mingw64/bin/../lib/gcc/;C:/msys64/mingw64/bin/../lib/gcc/x86_64-w64-mingw32/9.1.0/../../../../x86_64-w64-mingw32/bin/
LIBRARY_PATH=C:/msys64/mingw64/bin/../lib/gcc/x86_64-w64-mingw32/9.1.0/;C:/msys64/mingw64/bin/../lib/gcc/;C:/msys64/mingw64/bin/../lib/gcc/x86_64-w64-mingw32/9.1.0/../../../../x86_64-w64-mingw32/lib/../lib/;C:/msys64/mingw64/bin/../lib/gcc/x86_64-w64-mingw32/9.1.0/../../../../lib/;C:/msys64/mingw64/bin/../lib/gcc/x86_64-w64-mingw32/9.1.0/../../../../x86_64-w64-mingw32/lib/;C:/msys64/mingw64/bin/../lib/gcc/x86_64-w64-mingw32/9.1.0/../../../
COLLECT_GCC_OPTIONS='-v' '-o' 'cmTC_52bc8.exe' '-mtune=generic' '-march=x86-64'
 C:/msys64/mingw64/bin/../lib/gcc/x86_64-w64-mingw32/9.1.0/collect2.exe -plugin C:/msys64/mingw64/bin/../lib/gcc/x86_64-w64-mingw32/9.1.0/liblto_plugin-0.dll -plugin-opt=C:/msys64/mingw64/bin/../lib/gcc/x86_64-w64-mingw32/9.1.0/lto-wrapper.exe -plugin-opt=-fresolution=C:\Users\MAZEOF~1\AppData\Local\Temp\cc7IHzof.res -plugin-opt=-pass-through=-lmingw32 -plugin-opt=-pass-through=-lgcc -plugin-opt=-pass-through=-lgcc_eh -plugin-opt=-pass-through=-lmoldname -plugin-opt=-pass-through=-lmingwex -plugin-opt=-pass-through=-lmsvcrt -plugin-opt=-pass-through=-lpthread -plugin-opt=-pass-through=-ladvapi32 -plugin-opt=-pass-through=-lshell32 -plugin-opt=-pass-through=-luser32 -plugin-opt=-pass-through=-lkernel32 -plugin-opt=-pass-through=-lmingw32 -plugin-opt=-pass-through=-lgcc -plugin-opt=-pass-through=-lgcc_eh -plugin-opt=-pass-through=-lmoldname -plugin-opt=-pass-through=-lmingwex -plugin-opt=-pass-through=-lmsvcrt -m i386pep -Bdynamic -o cmTC_52bc8.exe C:/msys64/mingw64/bin/../lib/gcc/x86_64-w64-mingw32/9.1.0/../../../../x86_64-w64-mingw32/lib/../lib/crt2.o C:/msys64/mingw64/bin/../lib/gcc/x86_64-w64-mingw32/9.1.0/crtbegin.o -LC:/msys64/mingw64/bin/../lib/gcc/x86_64-w64-mingw32/9.1.0 -LC:/msys64/mingw64/bin/../lib/gcc -LC:/msys64/mingw64/bin/../lib/gcc/x86_64-w64-mingw32/9.1.0/../../../../x86_64-w64-mingw32/lib/../lib -LC:/msys64/mingw64/bin/../lib/gcc/x86_64-w64-mingw32/9.1.0/../../../../lib -LC:/msys64/mingw64/bin/../lib/gcc/x86_64-w64-mingw32/9.1.0/../../../../x86_64-w64-mingw32/lib -LC:/msys64/mingw64/bin/../lib/gcc/x86_64-w64-mingw32/9.1.0/../../.. --enable-auto-import CMakeFiles/cmTC_52bc8.dir/CMakeCCompilerABI.c.o --out-implib libcmTC_52bc8.dll.a --major-image-version 0 --minor-image-version 0 -lmingw32 -lgcc -lgcc_eh -lmoldname -lmingwex -lmsvcrt -lpthread -ladvapi32 -lshell32 -luser32 -lkernel32 -lmingw32 -lgcc -lgcc_eh -lmoldname -lmingwex -lmsvcrt C:/msys64/mingw64/bin/../lib/gcc/x86_64-w64-mingw32/9.1.0/../../../../x86_64-w64-mingw32/lib/../lib/default-manifest.o C:/msys64/mingw64/bin/../lib/gcc/x86_64-w64-mingw32/9.1.0/crtend.o
COLLECT_GCC_OPTIONS='-v' '-o' 'cmTC_52bc8.exe' '-mtune=generic' '-march=x86-64'
make[3]: Leaving directory '/c/Users/MazeOfEncryption/Documents/GitHub/MazeEngine/CMakeFiles/CMakeTmp'
make[2]: Leaving directory '/c/Users/MazeOfEncryption/Documents/GitHub/MazeEngine/CMakeFiles/CMakeTmp'



Parsed C implicit include dir info from above output: rv=done
  found start of include info
  found start of implicit include info
    add: [C:/msys64/mingw64/bin/../lib/gcc/x86_64-w64-mingw32/9.1.0/include]
    add: [C:/msys64/mingw64/bin/../lib/gcc/x86_64-w64-mingw32/9.1.0/../../../../include]
    add: [C:/msys64/mingw64/bin/../lib/gcc/x86_64-w64-mingw32/9.1.0/include-fixed]
    add: [C:/msys64/mingw64/bin/../lib/gcc/x86_64-w64-mingw32/9.1.0/../../../../x86_64-w64-mingw32/include]
  end of search list found
  skipping relative include dir [C:/msys64/mingw64/bin/../lib/gcc/x86_64-w64-mingw32/9.1.0/include]
  skipping relative include dir [C:/msys64/mingw64/bin/../lib/gcc/x86_64-w64-mingw32/9.1.0/../../../../include]
  skipping relative include dir [C:/msys64/mingw64/bin/../lib/gcc/x86_64-w64-mingw32/9.1.0/include-fixed]
  skipping relative include dir [C:/msys64/mingw64/bin/../lib/gcc/x86_64-w64-mingw32/9.1.0/../../../../x86_64-w64-mingw32/include]
  implicit include dirs: []


Parsed C implicit link information from above output:
  link line regex: [^( *|.*[/\])(ld\.exe|CMAKE_LINK_STARTFILE-NOTFOUND|([^/\]+-)?ld|collect2)[^/\]*( |$)]
  ignore line: [Change Dir: /c/Users/MazeOfEncryption/Documents/GitHub/MazeEngine/CMakeFiles/CMakeTmp]
  ignore line: []
  ignore line: [Run Build Command(s):/usr/bin/make.exe cmTC_52bc8/fast && make[2]: Entering directory '/c/Users/MazeOfEncryption/Documents/GitHub/MazeEngine/CMakeFiles/CMakeTmp']
  ignore line: [/usr/bin/make -f CMakeFiles/cmTC_52bc8.dir/build.make CMakeFiles/cmTC_52bc8.dir/build]
  ignore line: [make[3]: Entering directory '/c/Users/MazeOfEncryption/Documents/GitHub/MazeEngine/CMakeFiles/CMakeTmp']
  ignore line: [Building C object CMakeFiles/cmTC_52bc8.dir/CMakeCCompilerABI.c.o]
  ignore line: [/mingw64/bin/cc.exe   -v -o CMakeFiles/cmTC_52bc8.dir/CMakeCCompilerABI.c.o   -c /usr/share/cmake-3.15.0/Modules/CMakeCCompilerABI.c]
  ignore line: [Using built-in specs.]
  ignore line: [COLLECT_GCC=C:\msys64\mingw64\bin\cc.exe]
  ignore line: [Target: x86_64-w64-mingw32]
  ignore line: [Configured with: ../gcc-9.1.0/configure --prefix=/mingw64 --with-local-prefix=/mingw64/local --build=x86_64-w64-mingw32 --host=x86_64-w64-mingw32 --target=x86_64-w64-mingw32 --with-native-system-header-dir=/mingw64/x86_64-w64-mingw32/include --libexecdir=/mingw64/lib --enable-bootstrap --with-arch=x86-64 --with-tune=generic --enable-languages=c,lto,c++,fortran,ada,objc,obj-c++ --enable-shared --enable-static --enable-libatomic --enable-threads=posix --enable-graphite --enable-fully-dynamic-string --enable-libstdcxx-filesystem-ts=yes --enable-libstdcxx-time=yes --disable-libstdcxx-pch --disable-libstdcxx-debug --disable-isl-version-check --enable-lto --enable-libgomp --disable-multilib --enable-checking=release --disable-rpath --disable-win32-registry --disable-nls --disable-werror --disable-symvers --enable-plugin --with-libiconv --with-system-zlib --with-gmp=/mingw64 --with-mpfr=/mingw64 --with-mpc=/mingw64 --with-isl=/mingw64 --with-pkgversion='Rev3, Built by MSYS2 project' --with-bugurl=https://sourceforge.net/projects/msys2 --with-gnu-as --with-gnu-ld]
  ignore line: [Thread model: posix]
  ignore line: [gcc version 9.1.0 (Rev3, Built by MSYS2 project) ]
  ignore line: [COLLECT_GCC_OPTIONS='-v' '-o' 'CMakeFiles/cmTC_52bc8.dir/CMakeCCompilerABI.c.o' '-c' '-mtune=generic' '-march=x86-64']
  ignore line: [ C:/msys64/mingw64/bin/../lib/gcc/x86_64-w64-mingw32/9.1.0/cc1.exe -quiet -v -iprefix C:/msys64/mingw64/bin/../lib/gcc/x86_64-w64-mingw32/9.1.0/ -D_REENTRANT C:/msys64/usr/share/cmake-3.15.0/Modules/CMakeCCompilerABI.c -quiet -dumpbase CMakeCCompilerABI.c -mtune=generic -march=x86-64 -auxbase-strip CMakeFiles/cmTC_52bc8.dir/CMakeCCompilerABI.c.o -version -o C:\Users\MAZEOF~1\AppData\Local\Temp\ccfR1JT2.s]
  ignore line: [GNU C17 (Rev3, Built by MSYS2 project) version 9.1.0 (x86_64-w64-mingw32)]
  ignore line: [	compiled by GNU C version 9.1.0, GMP version 6.1.2, MPFR version 4.0.2, MPC version 1.1.0, isl version isl-0.21-GMP]
  ignore line: []
  ignore line: [GGC heuristics: --param ggc-min-expand=100 --param ggc-min-heapsize=131072]
  ignore line: [ignoring duplicate directory "C:/msys64/mingw64/lib/gcc/../../lib/gcc/x86_64-w64-mingw32/9.1.0/include"]
  ignore line: [ignoring nonexistent directory "F:/msys64/mingw64/include"]
  ignore line: [ignoring nonexistent directory "/mingw64/include"]
  ignore line: [ignoring duplicate directory "C:/msys64/mingw64/lib/gcc/../../lib/gcc/x86_64-w64-mingw32/9.1.0/include-fixed"]
  ignore line: [ignoring duplicate directory "C:/msys64/mingw64/lib/gcc/../../lib/gcc/x86_64-w64-mingw32/9.1.0/../../../../x86_64-w64-mingw32/include"]
  ignore line: [ignoring nonexistent directory "F:/msys64/mingw64/x86_64-w64-mingw32/include"]
  ignore line: [#include "..." search starts here:]
  ignore line: [#include <...> search starts here:]
  ignore line: [ C:/msys64/mingw64/bin/../lib/gcc/x86_64-w64-mingw32/9.1.0/include]
  ignore line: [ C:/msys64/mingw64/bin/../lib/gcc/x86_64-w64-mingw32/9.1.0/../../../../include]
  ignore line: [ C:/msys64/mingw64/bin/../lib/gcc/x86_64-w64-mingw32/9.1.0/include-fixed]
  ignore line: [ C:/msys64/mingw64/bin/../lib/gcc/x86_64-w64-mingw32/9.1.0/../../../../x86_64-w64-mingw32/include]
  ignore line: [End of search list.]
  ignore line: [GNU C17 (Rev3, Built by MSYS2 project) version 9.1.0 (x86_64-w64-mingw32)]
  ignore line: [	compiled by GNU C version 9.1.0, GMP version 6.1.2, MPFR version 4.0.2, MPC version 1.1.0, isl version isl-0.21-GMP]
  ignore line: []
  ignore line: [GGC heuristics: --param ggc-min-expand=100 --param ggc-min-heapsize=131072]
  ignore line: [Compiler executable checksum: 601d1e58eabde9ed58c3efd0b40630ef]
  ignore line: [COLLECT_GCC_OPTIONS='-v' '-o' 'CMakeFiles/cmTC_52bc8.dir/CMakeCCompilerABI.c.o' '-c' '-mtune=generic' '-march=x86-64']
  ignore line: [ C:/msys64/mingw64/bin/../lib/gcc/x86_64-w64-mingw32/9.1.0/../../../../x86_64-w64-mingw32/bin/as.exe -v -o CMakeFiles/cmTC_52bc8.dir/CMakeCCompilerABI.c.o C:\Users\MAZEOF~1\AppData\Local\Temp\ccfR1JT2.s]
  ignore line: [GNU assembler version 2.30 (x86_64-w64-mingw32) using BFD version (GNU Binutils) 2.30]
  ignore line: [COMPILER_PATH=C:/msys64/mingw64/bin/../lib/gcc/x86_64-w64-mingw32/9.1.0/]
  ignore line: [C:/msys64/mingw64/bin/../lib/gcc/]
  ignore line: [C:/msys64/mingw64/bin/../lib/gcc/x86_64-w64-mingw32/9.1.0/../../../../x86_64-w64-mingw32/bin/]
  ignore line: [LIBRARY_PATH=C:/msys64/mingw64/bin/../lib/gcc/x86_64-w64-mingw32/9.1.0/]
  ignore line: [C:/msys64/mingw64/bin/../lib/gcc/]
  ignore line: [C:/msys64/mingw64/bin/../lib/gcc/x86_64-w64-mingw32/9.1.0/../../../../x86_64-w64-mingw32/lib/../lib/]
  ignore line: [C:/msys64/mingw64/bin/../lib/gcc/x86_64-w64-mingw32/9.1.0/../../../../lib/]
  ignore line: [C:/msys64/mingw64/bin/../lib/gcc/x86_64-w64-mingw32/9.1.0/../../../../x86_64-w64-mingw32/lib/]
  ignore line: [C:/msys64/mingw64/bin/../lib/gcc/x86_64-w64-mingw32/9.1.0/../../../]
  ignore line: [COLLECT_GCC_OPTIONS='-v' '-o' 'CMakeFiles/cmTC_52bc8.dir/CMakeCCompilerABI.c.o' '-c' '-mtune=generic' '-march=x86-64']
  ignore line: [Linking C executable cmTC_52bc8.exe]
  ignore line: [/usr/bin/cmake.exe -E cmake_link_script CMakeFiles/cmTC_52bc8.dir/link.txt --verbose=1]
  ignore line: [/mingw64/bin/cc.exe    -Wl,--enable-auto-import -v CMakeFiles/cmTC_52bc8.dir/CMakeCCompilerABI.c.o  -o cmTC_52bc8.exe -Wl,--out-implib,libcmTC_52bc8.dll.a -Wl,--major-image-version,0,--minor-image-version,0 ]
  ignore line: [Using built-in specs.]
  ignore line: [COLLECT_GCC=C:\msys64\mingw64\bin\cc.exe]
  ignore line: [COLLECT_LTO_WRAPPER=C:/msys64/mingw64/bin/../lib/gcc/x86_64-w64-mingw32/9.1.0/lto-wrapper.exe]
  ignore line: [Target: x86_64-w64-mingw32]
  ignore line: [Configured with: ../gcc-9.1.0/configure --prefix=/mingw64 --with-local-prefix=/mingw64/local --build=x86_64-w64-mingw32 --host=x86_64-w64-mingw32 --target=x86_64-w64-mingw32 --with-native-system-header-dir=/mingw64/x86_64-w64-mingw32/include --libexecdir=/mingw64/lib --enable-bootstrap --with-arch=x86-64 --with-tune=generic --enable-languages=c,lto,c++,fortran,ada,objc,obj-c++ --enable-shared --enable-static --enable-libatomic --enable-threads=posix --enable-graphite --enable-fully-dynamic-string --enable-libstdcxx-filesystem-ts=yes --enable-libstdcxx-time=yes --disable-libstdcxx-pch --disable-libstdcxx-debug --disable-isl-version-check --enable-lto --enable-libgomp --disable-multilib --enable-checking=release --disable-rpath --disable-win32-registry --disable-nls --disable-werror --disable-symvers --enable-plugin --with-libiconv --with-system-zlib --with-gmp=/mingw64 --with-mpfr=/mingw64 --with-mpc=/mingw64 --with-isl=/mingw64 --with-pkgversion='Rev3, Built by MSYS2 project' --with-bugurl=https://sourceforge.net/projects/msys2 --with-gnu-as --with-gnu-ld]
  ignore line: [Thread model: posix]
  ignore line: [gcc version 9.1.0 (Rev3, Built by MSYS2 project) ]
  ignore line: [COMPILER_PATH=C:/msys64/mingw64/bin/../lib/gcc/x86_64-w64-mingw32/9.1.0/]
  ignore line: [C:/msys64/mingw64/bin/../lib/gcc/]
  ignore line: [C:/msys64/mingw64/bin/../lib/gcc/x86_64-w64-mingw32/9.1.0/../../../../x86_64-w64-mingw32/bin/]
  ignore line: [LIBRARY_PATH=C:/msys64/mingw64/bin/../lib/gcc/x86_64-w64-mingw32/9.1.0/]
  ignore line: [C:/msys64/mingw64/bin/../lib/gcc/]
  ignore line: [C:/msys64/mingw64/bin/../lib/gcc/x86_64-w64-mingw32/9.1.0/../../../../x86_64-w64-mingw32/lib/../lib/]
  ignore line: [C:/msys64/mingw64/bin/../lib/gcc/x86_64-w64-mingw32/9.1.0/../../../../lib/]
  ignore line: [C:/msys64/mingw64/bin/../lib/gcc/x86_64-w64-mingw32/9.1.0/../../../../x86_64-w64-mingw32/lib/]
  ignore line: [C:/msys64/mingw64/bin/../lib/gcc/x86_64-w64-mingw32/9.1.0/../../../]
  ignore line: [COLLECT_GCC_OPTIONS='-v' '-o' 'cmTC_52bc8.exe' '-mtune=generic' '-march=x86-64']
  link line: [ C:/msys64/mingw64/bin/../lib/gcc/x86_64-w64-mingw32/9.1.0/collect2.exe -plugin C:/msys64/mingw64/bin/../lib/gcc/x86_64-w64-mingw32/9.1.0/liblto_plugin-0.dll -plugin-opt=C:/msys64/mingw64/bin/../lib/gcc/x86_64-w64-mingw32/9.1.0/lto-wrapper.exe -plugin-opt=-fresolution=C:\Users\MAZEOF~1\AppData\Local\Temp\cc7IHzof.res -plugin-opt=-pass-through=-lmingw32 -plugin-opt=-pass-through=-lgcc -plugin-opt=-pass-through=-lgcc_eh -plugin-opt=-pass-through=-lmoldname -plugin-opt=-pass-through=-lmingwex -plugin-opt=-pass-through=-lmsvcrt -plugin-opt=-pass-through=-lpthread -plugin-opt=-pass-through=-ladvapi32 -plugin-opt=-pass-through=-lshell32 -plugin-opt=-pass-through=-luser32 -plugin-opt=-pass-through=-lkernel32 -plugin-opt=-pass-through=-lmingw32 -plugin-opt=-pass-through=-lgcc -plugin-opt=-pass-through=-lgcc_eh -plugin-opt=-pass-through=-lmoldname -plugin-opt=-pass-through=-lmingwex -plugin-opt=-pass-through=-lmsvcrt -m i386pep -Bdynamic -o cmTC_52bc8.exe C:/msys64/mingw64/bin/../lib/gcc/x86_64-w64-mingw32/9.1.0/../../../../x86_64-w64-mingw32/lib/../lib/crt2.o C:/msys64/mingw64/bin/../lib/gcc/x86_64-w64-mingw32/9.1.0/crtbegin.o -LC:/msys64/mingw64/bin/../lib/gcc/x86_64-w64-mingw32/9.1.0 -LC:/msys64/mingw64/bin/../lib/gcc -LC:/msys64/mingw64/bin/../lib/gcc/x86_64-w64-mingw32/9.1.0/../../../../x86_64-w64-mingw32/lib/../lib -LC:/msys64/mingw64/bin/../lib/gcc/x86_64-w64-mingw32/9.1.0/../../../../lib -LC:/msys64/mingw64/bin/../lib/gcc/x86_64-w64-mingw32/9.1.0/../../../../x86_64-w64-mingw32/lib -LC:/msys64/mingw64/bin/../lib/gcc/x86_64-w64-mingw32/9.1.0/../../.. --enable-auto-import CMakeFiles/cmTC_52bc8.dir/CMakeCCompilerABI.c.o --out-implib libcmTC_52bc8.dll.a --major-image-version 0 --minor-image-version 0 -lmingw32 -lgcc -lgcc_eh -lmoldname -lmingwex -lmsvcrt -lpthread -ladvapi32 -lshell32 -luser32 -lkernel32 -lmingw32 -lgcc -lgcc_eh -lmoldname -lmingwex -lmsvcrt C:/msys64/mingw64/bin/../lib/gcc/x86_64-w64-mingw32/9.1.0/../../../../x86_64-w64-mingw32/lib/../lib/default-manifest.o C:/msys64/mingw64/bin/../lib/gcc/x86_64-w64-mingw32/9.1.0/crtend.o]
    arg [C:/msys64/mingw64/bin/../lib/gcc/x86_64-w64-mingw32/9.1.0/collect2.exe] ==> ignore
    arg [-plugin] ==> ignore
    arg [C:/msys64/mingw64/bin/../lib/gcc/x86_64-w64-mingw32/9.1.0/liblto_plugin-0.dll] ==> ignore
    arg [-plugin-opt=C:/msys64/mingw64/bin/../lib/gcc/x86_64-w64-mingw32/9.1.0/lto-wrapper.exe] ==> ignore
    arg [-plugin-opt=-fresolution=C:UsersMAZEOF~1AppDataLocalTempcc7IHzof.res] ==> ignore
    arg [-plugin-opt=-pass-through=-lmingw32] ==> ignore
    arg [-plugin-opt=-pass-through=-lgcc] ==> ignore
    arg [-plugin-opt=-pass-through=-lgcc_eh] ==> ignore
    arg [-plugin-opt=-pass-through=-lmoldname] ==> ignore
    arg [-plugin-opt=-pass-through=-lmingwex] ==> ignore
    arg [-plugin-opt=-pass-through=-lmsvcrt] ==> ignore
    arg [-plugin-opt=-pass-through=-lpthread] ==> ignore
    arg [-plugin-opt=-pass-through=-ladvapi32] ==> ignore
    arg [-plugin-opt=-pass-through=-lshell32] ==> ignore
    arg [-plugin-opt=-pass-through=-luser32] ==> ignore
    arg [-plugin-opt=-pass-through=-lkernel32] ==> ignore
    arg [-plugin-opt=-pass-through=-lmingw32] ==> ignore
    arg [-plugin-opt=-pass-through=-lgcc] ==> ignore
    arg [-plugin-opt=-pass-through=-lgcc_eh] ==> ignore
    arg [-plugin-opt=-pass-through=-lmoldname] ==> ignore
    arg [-plugin-opt=-pass-through=-lmingwex] ==> ignore
    arg [-plugin-opt=-pass-through=-lmsvcrt] ==> ignore
    arg [-m] ==> ignore
    arg [i386pep] ==> ignore
    arg [-Bdynamic] ==> ignore
    arg [-o] ==> ignore
    arg [cmTC_52bc8.exe] ==> ignore
    arg [C:/msys64/mingw64/bin/../lib/gcc/x86_64-w64-mingw32/9.1.0/../../../../x86_64-w64-mingw32/lib/../lib/crt2.o] ==> ignore
    arg [C:/msys64/mingw64/bin/../lib/gcc/x86_64-w64-mingw32/9.1.0/crtbegin.o] ==> ignore
    arg [-LC:/msys64/mingw64/bin/../lib/gcc/x86_64-w64-mingw32/9.1.0] ==> dir [C:/msys64/mingw64/bin/../lib/gcc/x86_64-w64-mingw32/9.1.0]
    arg [-LC:/msys64/mingw64/bin/../lib/gcc] ==> dir [C:/msys64/mingw64/bin/../lib/gcc]
    arg [-LC:/msys64/mingw64/bin/../lib/gcc/x86_64-w64-mingw32/9.1.0/../../../../x86_64-w64-mingw32/lib/../lib] ==> dir [C:/msys64/mingw64/bin/../lib/gcc/x86_64-w64-mingw32/9.1.0/../../../../x86_64-w64-mingw32/lib/../lib]
    arg [-LC:/msys64/mingw64/bin/../lib/gcc/x86_64-w64-mingw32/9.1.0/../../../../lib] ==> dir [C:/msys64/mingw64/bin/../lib/gcc/x86_64-w64-mingw32/9.1.0/../../../../lib]
    arg [-LC:/msys64/mingw64/bin/../lib/gcc/x86_64-w64-mingw32/9.1.0/../../../../x86_64-w64-mingw32/lib] ==> dir [C:/msys64/mingw64/bin/../lib/gcc/x86_64-w64-mingw32/9.1.0/../../../../x86_64-w64-mingw32/lib]
    arg [-LC:/msys64/mingw64/bin/../lib/gcc/x86_64-w64-mingw32/9.1.0/../../..] ==> dir [C:/msys64/mingw64/bin/../lib/gcc/x86_64-w64-mingw32/9.1.0/../../..]
    arg [--enable-auto-import] ==> ignore
    arg [CMakeFiles/cmTC_52bc8.dir/CMakeCCompilerABI.c.o] ==> ignore
    arg [--out-implib] ==> ignore
    arg [libcmTC_52bc8.dll.a] ==> ignore
    arg [--major-image-version] ==> ignore
    arg [0] ==> ignore
    arg [--minor-image-version] ==> ignore
    arg [0] ==> ignore
    arg [-lmingw32] ==> lib [mingw32]
    arg [-lgcc] ==> lib [gcc]
    arg [-lgcc_eh] ==> lib [gcc_eh]
    arg [-lmoldname] ==> lib [moldname]
    arg [-lmingwex] ==> lib [mingwex]
    arg [-lmsvcrt] ==> lib [msvcrt]
    arg [-lpthread] ==> lib [pthread]
    arg [-ladvapi32] ==> lib [advapi32]
    arg [-lshell32] ==> lib [shell32]
    arg [-luser32] ==> lib [user32]
    arg [-lkernel32] ==> lib [kernel32]
    arg [-lmingw32] ==> lib [mingw32]
    arg [-lgcc] ==> lib [gcc]
    arg [-lgcc_eh] ==> lib [gcc_eh]
    arg [-lmoldname] ==> lib [moldname]
    arg [-lmingwex] ==> lib [mingwex]
    arg [-lmsvcrt] ==> lib [msvcrt]
    arg [C:/msys64/mingw64/bin/../lib/gcc/x86_64-w64-mingw32/9.1.0/../../../../x86_64-w64-mingw32/lib/../lib/default-manifest.o] ==> ignore
    arg [C:/msys64/mingw64/bin/../lib/gcc/x86_64-w64-mingw32/9.1.0/crtend.o] ==> ignore
  remove lib [gcc_eh]
  remove lib [msvcrt]
  remove lib [gcc_eh]
  remove lib [msvcrt]
  collapse library dir [C:/msys64/mingw64/bin/../lib/gcc/x86_64-w64-mingw32/9.1.0] ==> [C:/msys64/mingw64/lib/gcc/x86_64-w64-mingw32/9.1.0]
  collapse library dir [C:/msys64/mingw64/bin/../lib/gcc] ==> [C:/msys64/mingw64/lib/gcc]
  collapse library dir [C:/msys64/mingw64/bin/../lib/gcc/x86_64-w64-mingw32/9.1.0/../../../../x86_64-w64-mingw32/lib/../lib] ==> [C:/msys64/mingw64/x86_64-w64-mingw32/lib]
  collapse library dir [C:/msys64/mingw64/bin/../lib/gcc/x86_64-w64-mingw32/9.1.0/../../../../lib] ==> [C:/msys64/mingw64/lib]
  collapse library dir [C:/msys64/mingw64/bin/../lib/gcc/x86_64-w64-mingw32/9.1.0/../../../../x86_64-w64-mingw32/lib] ==> [C:/msys64/mingw64/x86_64-w64-mingw32/lib]
  collapse library dir [C:/msys64/mingw64/bin/../lib/gcc/x86_64-w64-mingw32/9.1.0/../../..] ==> [C:/msys64/mingw64/lib]
  implicit libs: [mingw32;gcc;moldname;mingwex;pthread;advapi32;shell32;user32;kernel32;mingw32;gcc;moldname;mingwex]
  implicit dirs: [C:/msys64/mingw64/lib/gcc/x86_64-w64-mingw32/9.1.0;C:/msys64/mingw64/lib/gcc;C:/msys64/mingw64/x86_64-w64-mingw32/lib;C:/msys64/mingw64/lib]
  implicit fwks: []


Determining if the CXX compiler works passed with the following output:
Change Dir: /c/Users/MazeOfEncryption/Documents/GitHub/MazeEngine/CMakeFiles/CMakeTmp

Run Build Command(s):/usr/bin/make.exe cmTC_5d7b4/fast && make[2]: Entering directory '/c/Users/MazeOfEncryption/Documents/GitHub/MazeEngine/CMakeFiles/CMakeTmp'
/usr/bin/make -f CMakeFiles/cmTC_5d7b4.dir/build.make CMakeFiles/cmTC_5d7b4.dir/build
make[3]: Entering directory '/c/Users/MazeOfEncryption/Documents/GitHub/MazeEngine/CMakeFiles/CMakeTmp'
Building CXX object CMakeFiles/cmTC_5d7b4.dir/testCXXCompiler.cxx.o
/mingw64/bin/c++.exe     -o CMakeFiles/cmTC_5d7b4.dir/testCXXCompiler.cxx.o -c /c/Users/MazeOfEncryption/Documents/GitHub/MazeEngine/CMakeFiles/CMakeTmp/testCXXCompiler.cxx
Linking CXX executable cmTC_5d7b4.exe
/usr/bin/cmake.exe -E cmake_link_script CMakeFiles/cmTC_5d7b4.dir/link.txt --verbose=1
/mingw64/bin/c++.exe    -Wl,--enable-auto-import  CMakeFiles/cmTC_5d7b4.dir/testCXXCompiler.cxx.o  -o cmTC_5d7b4.exe -Wl,--out-implib,libcmTC_5d7b4.dll.a -Wl,--major-image-version,0,--minor-image-version,0 
make[3]: Leaving directory '/c/Users/MazeOfEncryption/Documents/GitHub/MazeEngine/CMakeFiles/CMakeTmp'
make[2]: Leaving directory '/c/Users/MazeOfEncryption/Documents/GitHub/MazeEngine/CMakeFiles/CMakeTmp'



Detecting CXX compiler ABI info compiled with the following output:
Change Dir: /c/Users/MazeOfEncryption/Documents/GitHub/MazeEngine/CMakeFiles/CMakeTmp

Run Build Command(s):/usr/bin/make.exe cmTC_06c7b/fast && make[2]: Entering directory '/c/Users/MazeOfEncryption/Documents/GitHub/MazeEngine/CMakeFiles/CMakeTmp'
/usr/bin/make -f CMakeFiles/cmTC_06c7b.dir/build.make CMakeFiles/cmTC_06c7b.dir/build
make[3]: Entering directory '/c/Users/MazeOfEncryption/Documents/GitHub/MazeEngine/CMakeFiles/CMakeTmp'
Building CXX object CMakeFiles/cmTC_06c7b.dir/CMakeCXXCompilerABI.cpp.o
/mingw64/bin/c++.exe    -v -o CMakeFiles/cmTC_06c7b.dir/CMakeCXXCompilerABI.cpp.o -c /usr/share/cmake-3.15.0/Modules/CMakeCXXCompilerABI.cpp
Using built-in specs.
COLLECT_GCC=C:\msys64\mingw64\bin\c++.exe
Target: x86_64-w64-mingw32
Configured with: ../gcc-9.1.0/configure --prefix=/mingw64 --with-local-prefix=/mingw64/local --build=x86_64-w64-mingw32 --host=x86_64-w64-mingw32 --target=x86_64-w64-mingw32 --with-native-system-header-dir=/mingw64/x86_64-w64-mingw32/include --libexecdir=/mingw64/lib --enable-bootstrap --with-arch=x86-64 --with-tune=generic --enable-languages=c,lto,c++,fortran,ada,objc,obj-c++ --enable-shared --enable-static --enable-libatomic --enable-threads=posix --enable-graphite --enable-fully-dynamic-string --enable-libstdcxx-filesystem-ts=yes --enable-libstdcxx-time=yes --disable-libstdcxx-pch --disable-libstdcxx-debug --disable-isl-version-check --enable-lto --enable-libgomp --disable-multilib --enable-checking=release --disable-rpath --disable-win32-registry --disable-nls --disable-werror --disable-symvers --enable-plugin --with-libiconv --with-system-zlib --with-gmp=/mingw64 --with-mpfr=/mingw64 --with-mpc=/mingw64 --with-isl=/mingw64 --with-pkgversion='Rev3, Built by MSYS2 project' --with-bugurl=https://sourceforge.net/projects/msys2 --with-gnu-as --with-gnu-ld
Thread model: posix
gcc version 9.1.0 (Rev3, Built by MSYS2 project) 
COLLECT_GCC_OPTIONS='-v' '-o' 'CMakeFiles/cmTC_06c7b.dir/CMakeCXXCompilerABI.cpp.o' '-c' '-shared-libgcc' '-mtune=generic' '-march=x86-64'
 C:/msys64/mingw64/bin/../lib/gcc/x86_64-w64-mingw32/9.1.0/cc1plus.exe -quiet -v -iprefix C:/msys64/mingw64/bin/../lib/gcc/x86_64-w64-mingw32/9.1.0/ -D_REENTRANT C:/msys64/usr/share/cmake-3.15.0/Modules/CMakeCXXCompilerABI.cpp -quiet -dumpbase CMakeCXXCompilerABI.cpp -mtune=generic -march=x86-64 -auxbase-strip CMakeFiles/cmTC_06c7b.dir/CMakeCXXCompilerABI.cpp.o -version -o C:\Users\MAZEOF~1\AppData\Local\Temp\cc6BODtf.s
GNU C++14 (Rev3, Built by MSYS2 project) version 9.1.0 (x86_64-w64-mingw32)
	compiled by GNU C version 9.1.0, GMP version 6.1.2, MPFR version 4.0.2, MPC version 1.1.0, isl version isl-0.21-GMP

GGC heuristics: --param ggc-min-expand=100 --param ggc-min-heapsize=131072
ignoring duplicate directory "C:/msys64/mingw64/lib/gcc/../../lib/gcc/x86_64-w64-mingw32/9.1.0/../../../../include/c++/9.1.0"
ignoring duplicate directory "C:/msys64/mingw64/lib/gcc/../../lib/gcc/x86_64-w64-mingw32/9.1.0/../../../../include/c++/9.1.0/x86_64-w64-mingw32"
ignoring duplicate directory "C:/msys64/mingw64/lib/gcc/../../lib/gcc/x86_64-w64-mingw32/9.1.0/../../../../include/c++/9.1.0/backward"
ignoring duplicate directory "C:/msys64/mingw64/lib/gcc/../../lib/gcc/x86_64-w64-mingw32/9.1.0/include"
ignoring nonexistent directory "F:/msys64/mingw64/include"
ignoring nonexistent directory "/mingw64/include"
ignoring duplicate directory "C:/msys64/mingw64/lib/gcc/../../lib/gcc/x86_64-w64-mingw32/9.1.0/include-fixed"
ignoring duplicate directory "C:/msys64/mingw64/lib/gcc/../../lib/gcc/x86_64-w64-mingw32/9.1.0/../../../../x86_64-w64-mingw32/include"
ignoring nonexistent directory "F:/msys64/mingw64/x86_64-w64-mingw32/include"
#include "..." search starts here:
#include <...> search starts here:
 C:/msys64/mingw64/bin/../lib/gcc/x86_64-w64-mingw32/9.1.0/../../../../include/c++/9.1.0
 C:/msys64/mingw64/bin/../lib/gcc/x86_64-w64-mingw32/9.1.0/../../../../include/c++/9.1.0/x86_64-w64-mingw32
 C:/msys64/mingw64/bin/../lib/gcc/x86_64-w64-mingw32/9.1.0/../../../../include/c++/9.1.0/backward
 C:/msys64/mingw64/bin/../lib/gcc/x86_64-w64-mingw32/9.1.0/include
 C:/msys64/mingw64/bin/../lib/gcc/x86_64-w64-mingw32/9.1.0/../../../../include
 C:/msys64/mingw64/bin/../lib/gcc/x86_64-w64-mingw32/9.1.0/include-fixed
 C:/msys64/mingw64/bin/../lib/gcc/x86_64-w64-mingw32/9.1.0/../../../../x86_64-w64-mingw32/include
End of search list.
GNU C++14 (Rev3, Built by MSYS2 project) version 9.1.0 (x86_64-w64-mingw32)
	compiled by GNU C version 9.1.0, GMP version 6.1.2, MPFR version 4.0.2, MPC version 1.1.0, isl version isl-0.21-GMP

GGC heuristics: --param ggc-min-expand=100 --param ggc-min-heapsize=131072
Compiler executable checksum: 7e2a5fd671f9a4fb37364690b7040e22
COLLECT_GCC_OPTIONS='-v' '-o' 'CMakeFiles/cmTC_06c7b.dir/CMakeCXXCompilerABI.cpp.o' '-c' '-shared-libgcc' '-mtune=generic' '-march=x86-64'
 C:/msys64/mingw64/bin/../lib/gcc/x86_64-w64-mingw32/9.1.0/../../../../x86_64-w64-mingw32/bin/as.exe -v -o CMakeFiles/cmTC_06c7b.dir/CMakeCXXCompilerABI.cpp.o C:\Users\MAZEOF~1\AppData\Local\Temp\cc6BODtf.s
GNU assembler version 2.30 (x86_64-w64-mingw32) using BFD version (GNU Binutils) 2.30
COMPILER_PATH=C:/msys64/mingw64/bin/../lib/gcc/x86_64-w64-mingw32/9.1.0/;C:/msys64/mingw64/bin/../lib/gcc/;C:/msys64/mingw64/bin/../lib/gcc/x86_64-w64-mingw32/9.1.0/../../../../x86_64-w64-mingw32/bin/
LIBRARY_PATH=C:/msys64/mingw64/bin/../lib/gcc/x86_64-w64-mingw32/9.1.0/;C:/msys64/mingw64/bin/../lib/gcc/;C:/msys64/mingw64/bin/../lib/gcc/x86_64-w64-mingw32/9.1.0/../../../../x86_64-w64-mingw32/lib/../lib/;C:/msys64/mingw64/bin/../lib/gcc/x86_64-w64-mingw32/9.1.0/../../../../lib/;C:/msys64/mingw64/bin/../lib/gcc/x86_64-w64-mingw32/9.1.0/../../../../x86_64-w64-mingw32/lib/;C:/msys64/mingw64/bin/../lib/gcc/x86_64-w64-mingw32/9.1.0/../../../
COLLECT_GCC_OPTIONS='-v' '-o' 'CMakeFiles/cmTC_06c7b.dir/CMakeCXXCompilerABI.cpp.o' '-c' '-shared-libgcc' '-mtune=generic' '-march=x86-64'
Linking CXX executable cmTC_06c7b.exe
/usr/bin/cmake.exe -E cmake_link_script CMakeFiles/cmTC_06c7b.dir/link.txt --verbose=1
/mingw64/bin/c++.exe    -Wl,--enable-auto-import -v CMakeFiles/cmTC_06c7b.dir/CMakeCXXCompilerABI.cpp.o  -o cmTC_06c7b.exe -Wl,--out-implib,libcmTC_06c7b.dll.a -Wl,--major-image-version,0,--minor-image-version,0 
Using built-in specs.
COLLECT_GCC=C:\msys64\mingw64\bin\c++.exe
COLLECT_LTO_WRAPPER=C:/msys64/mingw64/bin/../lib/gcc/x86_64-w64-mingw32/9.1.0/lto-wrapper.exe
Target: x86_64-w64-mingw32
Configured with: ../gcc-9.1.0/configure --prefix=/mingw64 --with-local-prefix=/mingw64/local --build=x86_64-w64-mingw32 --host=x86_64-w64-mingw32 --target=x86_64-w64-mingw32 --with-native-system-header-dir=/mingw64/x86_64-w64-mingw32/include --libexecdir=/mingw64/lib --enable-bootstrap --with-arch=x86-64 --with-tune=generic --enable-languages=c,lto,c++,fortran,ada,objc,obj-c++ --enable-shared --enable-static --enable-libatomic --enable-threads=posix --enable-graphite --enable-fully-dynamic-string --enable-libstdcxx-filesystem-ts=yes --enable-libstdcxx-time=yes --disable-libstdcxx-pch --disable-libstdcxx-debug --disable-isl-version-check --enable-lto --enable-libgomp --disable-multilib --enable-checking=release --disable-rpath --disable-win32-registry --disable-nls --disable-werror --disable-symvers --enable-plugin --with-libiconv --with-system-zlib --with-gmp=/mingw64 --with-mpfr=/mingw64 --with-mpc=/mingw64 --with-isl=/mingw64 --with-pkgversion='Rev3, Built by MSYS2 project' --with-bugurl=https://sourceforge.net/projects/msys2 --with-gnu-as --with-gnu-ld
Thread model: posix
gcc version 9.1.0 (Rev3, Built by MSYS2 project) 
COMPILER_PATH=C:/msys64/mingw64/bin/../lib/gcc/x86_64-w64-mingw32/9.1.0/;C:/msys64/mingw64/bin/../lib/gcc/;C:/msys64/mingw64/bin/../lib/gcc/x86_64-w64-mingw32/9.1.0/../../../../x86_64-w64-mingw32/bin/
LIBRARY_PATH=C:/msys64/mingw64/bin/../lib/gcc/x86_64-w64-mingw32/9.1.0/;C:/msys64/mingw64/bin/../lib/gcc/;C:/msys64/mingw64/bin/../lib/gcc/x86_64-w64-mingw32/9.1.0/../../../../x86_64-w64-mingw32/lib/../lib/;C:/msys64/mingw64/bin/../lib/gcc/x86_64-w64-mingw32/9.1.0/../../../../lib/;C:/msys64/mingw64/bin/../lib/gcc/x86_64-w64-mingw32/9.1.0/../../../../x86_64-w64-mingw32/lib/;C:/msys64/mingw64/bin/../lib/gcc/x86_64-w64-mingw32/9.1.0/../../../
COLLECT_GCC_OPTIONS='-v' '-o' 'cmTC_06c7b.exe' '-shared-libgcc' '-mtune=generic' '-march=x86-64'
 C:/msys64/mingw64/bin/../lib/gcc/x86_64-w64-mingw32/9.1.0/collect2.exe -plugin C:/msys64/mingw64/bin/../lib/gcc/x86_64-w64-mingw32/9.1.0/liblto_plugin-0.dll -plugin-opt=C:/msys64/mingw64/bin/../lib/gcc/x86_64-w64-mingw32/9.1.0/lto-wrapper.exe -plugin-opt=-fresolution=C:\Users\MAZEOF~1\AppData\Local\Temp\cc9AlUxd.res -plugin-opt=-pass-through=-lmingw32 -plugin-opt=-pass-through=-lgcc_s -plugin-opt=-pass-through=-lgcc -plugin-opt=-pass-through=-lmoldname -plugin-opt=-pass-through=-lmingwex -plugin-opt=-pass-through=-lmsvcrt -plugin-opt=-pass-through=-lpthread -plugin-opt=-pass-through=-ladvapi32 -plugin-opt=-pass-through=-lshell32 -plugin-opt=-pass-through=-luser32 -plugin-opt=-pass-through=-lkernel32 -plugin-opt=-pass-through=-lmingw32 -plugin-opt=-pass-through=-lgcc_s -plugin-opt=-pass-through=-lgcc -plugin-opt=-pass-through=-lmoldname -plugin-opt=-pass-through=-lmingwex -plugin-opt=-pass-through=-lmsvcrt -m i386pep -Bdynamic -o cmTC_06c7b.exe C:/msys64/mingw64/bin/../lib/gcc/x86_64-w64-mingw32/9.1.0/../../../../x86_64-w64-mingw32/lib/../lib/crt2.o C:/msys64/mingw64/bin/../lib/gcc/x86_64-w64-mingw32/9.1.0/crtbegin.o -LC:/msys64/mingw64/bin/../lib/gcc/x86_64-w64-mingw32/9.1.0 -LC:/msys64/mingw64/bin/../lib/gcc -LC:/msys64/mingw64/bin/../lib/gcc/x86_64-w64-mingw32/9.1.0/../../../../x86_64-w64-mingw32/lib/../lib -LC:/msys64/mingw64/bin/../lib/gcc/x86_64-w64-mingw32/9.1.0/../../../../lib -LC:/msys64/mingw64/bin/../lib/gcc/x86_64-w64-mingw32/9.1.0/../../../../x86_64-w64-mingw32/lib -LC:/msys64/mingw64/bin/../lib/gcc/x86_64-w64-mingw32/9.1.0/../../.. --enable-auto-import CMakeFiles/cmTC_06c7b.dir/CMakeCXXCompilerABI.cpp.o --out-implib libcmTC_06c7b.dll.a --major-image-version 0 --minor-image-version 0 -lstdc++ -lmingw32 -lgcc_s -lgcc -lmoldname -lmingwex -lmsvcrt -lpthread -ladvapi32 -lshell32 -luser32 -lkernel32 -lmingw32 -lgcc_s -lgcc -lmoldname -lmingwex -lmsvcrt C:/msys64/mingw64/bin/../lib/gcc/x86_64-w64-mingw32/9.1.0/../../../../x86_64-w64-mingw32/lib/../lib/default-manifest.o C:/msys64/mingw64/bin/../lib/gcc/x86_64-w64-mingw32/9.1.0/crtend.o
COLLECT_GCC_OPTIONS='-v' '-o' 'cmTC_06c7b.exe' '-shared-libgcc' '-mtune=generic' '-march=x86-64'
make[3]: Leaving directory '/c/Users/MazeOfEncryption/Documents/GitHub/MazeEngine/CMakeFiles/CMakeTmp'
make[2]: Leaving directory '/c/Users/MazeOfEncryption/Documents/GitHub/MazeEngine/CMakeFiles/CMakeTmp'



Parsed CXX implicit include dir info from above output: rv=done
  found start of include info
  found start of implicit include info
    add: [C:/msys64/mingw64/bin/../lib/gcc/x86_64-w64-mingw32/9.1.0/../../../../include/c++/9.1.0]
    add: [C:/msys64/mingw64/bin/../lib/gcc/x86_64-w64-mingw32/9.1.0/../../../../include/c++/9.1.0/x86_64-w64-mingw32]
    add: [C:/msys64/mingw64/bin/../lib/gcc/x86_64-w64-mingw32/9.1.0/../../../../include/c++/9.1.0/backward]
    add: [C:/msys64/mingw64/bin/../lib/gcc/x86_64-w64-mingw32/9.1.0/include]
    add: [C:/msys64/mingw64/bin/../lib/gcc/x86_64-w64-mingw32/9.1.0/../../../../include]
    add: [C:/msys64/mingw64/bin/../lib/gcc/x86_64-w64-mingw32/9.1.0/include-fixed]
    add: [C:/msys64/mingw64/bin/../lib/gcc/x86_64-w64-mingw32/9.1.0/../../../../x86_64-w64-mingw32/include]
  end of search list found
  skipping relative include dir [C:/msys64/mingw64/bin/../lib/gcc/x86_64-w64-mingw32/9.1.0/../../../../include/c++/9.1.0]
  skipping relative include dir [C:/msys64/mingw64/bin/../lib/gcc/x86_64-w64-mingw32/9.1.0/../../../../include/c++/9.1.0/x86_64-w64-mingw32]
  skipping relative include dir [C:/msys64/mingw64/bin/../lib/gcc/x86_64-w64-mingw32/9.1.0/../../../../include/c++/9.1.0/backward]
  skipping relative include dir [C:/msys64/mingw64/bin/../lib/gcc/x86_64-w64-mingw32/9.1.0/include]
  skipping relative include dir [C:/msys64/mingw64/bin/../lib/gcc/x86_64-w64-mingw32/9.1.0/../../../../include]
  skipping relative include dir [C:/msys64/mingw64/bin/../lib/gcc/x86_64-w64-mingw32/9.1.0/include-fixed]
  skipping relative include dir [C:/msys64/mingw64/bin/../lib/gcc/x86_64-w64-mingw32/9.1.0/../../../../x86_64-w64-mingw32/include]
  implicit include dirs: []


Parsed CXX implicit link information from above output:
  link line regex: [^( *|.*[/\])(ld\.exe|CMAKE_LINK_STARTFILE-NOTFOUND|([^/\]+-)?ld|collect2)[^/\]*( |$)]
  ignore line: [Change Dir: /c/Users/MazeOfEncryption/Documents/GitHub/MazeEngine/CMakeFiles/CMakeTmp]
  ignore line: []
  ignore line: [Run Build Command(s):/usr/bin/make.exe cmTC_06c7b/fast && make[2]: Entering directory '/c/Users/MazeOfEncryption/Documents/GitHub/MazeEngine/CMakeFiles/CMakeTmp']
  ignore line: [/usr/bin/make -f CMakeFiles/cmTC_06c7b.dir/build.make CMakeFiles/cmTC_06c7b.dir/build]
  ignore line: [make[3]: Entering directory '/c/Users/MazeOfEncryption/Documents/GitHub/MazeEngine/CMakeFiles/CMakeTmp']
  ignore line: [Building CXX object CMakeFiles/cmTC_06c7b.dir/CMakeCXXCompilerABI.cpp.o]
  ignore line: [/mingw64/bin/c++.exe    -v -o CMakeFiles/cmTC_06c7b.dir/CMakeCXXCompilerABI.cpp.o -c /usr/share/cmake-3.15.0/Modules/CMakeCXXCompilerABI.cpp]
  ignore line: [Using built-in specs.]
  ignore line: [COLLECT_GCC=C:\msys64\mingw64\bin\c++.exe]
  ignore line: [Target: x86_64-w64-mingw32]
  ignore line: [Configured with: ../gcc-9.1.0/configure --prefix=/mingw64 --with-local-prefix=/mingw64/local --build=x86_64-w64-mingw32 --host=x86_64-w64-mingw32 --target=x86_64-w64-mingw32 --with-native-system-header-dir=/mingw64/x86_64-w64-mingw32/include --libexecdir=/mingw64/lib --enable-bootstrap --with-arch=x86-64 --with-tune=generic --enable-languages=c,lto,c++,fortran,ada,objc,obj-c++ --enable-shared --enable-static --enable-libatomic --enable-threads=posix --enable-graphite --enable-fully-dynamic-string --enable-libstdcxx-filesystem-ts=yes --enable-libstdcxx-time=yes --disable-libstdcxx-pch --disable-libstdcxx-debug --disable-isl-version-check --enable-lto --enable-libgomp --disable-multilib --enable-checking=release --disable-rpath --disable-win32-registry --disable-nls --disable-werror --disable-symvers --enable-plugin --with-libiconv --with-system-zlib --with-gmp=/mingw64 --with-mpfr=/mingw64 --with-mpc=/mingw64 --with-isl=/mingw64 --with-pkgversion='Rev3, Built by MSYS2 project' --with-bugurl=https://sourceforge.net/projects/msys2 --with-gnu-as --with-gnu-ld]
  ignore line: [Thread model: posix]
  ignore line: [gcc version 9.1.0 (Rev3, Built by MSYS2 project) ]
  ignore line: [COLLECT_GCC_OPTIONS='-v' '-o' 'CMakeFiles/cmTC_06c7b.dir/CMakeCXXCompilerABI.cpp.o' '-c' '-shared-libgcc' '-mtune=generic' '-march=x86-64']
  ignore line: [ C:/msys64/mingw64/bin/../lib/gcc/x86_64-w64-mingw32/9.1.0/cc1plus.exe -quiet -v -iprefix C:/msys64/mingw64/bin/../lib/gcc/x86_64-w64-mingw32/9.1.0/ -D_REENTRANT C:/msys64/usr/share/cmake-3.15.0/Modules/CMakeCXXCompilerABI.cpp -quiet -dumpbase CMakeCXXCompilerABI.cpp -mtune=generic -march=x86-64 -auxbase-strip CMakeFiles/cmTC_06c7b.dir/CMakeCXXCompilerABI.cpp.o -version -o C:\Users\MAZEOF~1\AppData\Local\Temp\cc6BODtf.s]
  ignore line: [GNU C++14 (Rev3, Built by MSYS2 project) version 9.1.0 (x86_64-w64-mingw32)]
  ignore line: [	compiled by GNU C version 9.1.0, GMP version 6.1.2, MPFR version 4.0.2, MPC version 1.1.0, isl version isl-0.21-GMP]
  ignore line: []
  ignore line: [GGC heuristics: --param ggc-min-expand=100 --param ggc-min-heapsize=131072]
  ignore line: [ignoring duplicate directory "C:/msys64/mingw64/lib/gcc/../../lib/gcc/x86_64-w64-mingw32/9.1.0/../../../../include/c++/9.1.0"]
  ignore line: [ignoring duplicate directory "C:/msys64/mingw64/lib/gcc/../../lib/gcc/x86_64-w64-mingw32/9.1.0/../../../../include/c++/9.1.0/x86_64-w64-mingw32"]
  ignore line: [ignoring duplicate directory "C:/msys64/mingw64/lib/gcc/../../lib/gcc/x86_64-w64-mingw32/9.1.0/../../../../include/c++/9.1.0/backward"]
  ignore line: [ignoring duplicate directory "C:/msys64/mingw64/lib/gcc/../../lib/gcc/x86_64-w64-mingw32/9.1.0/include"]
  ignore line: [ignoring nonexistent directory "F:/msys64/mingw64/include"]
  ignore line: [ignoring nonexistent directory "/mingw64/include"]
  ignore line: [ignoring duplicate directory "C:/msys64/mingw64/lib/gcc/../../lib/gcc/x86_64-w64-mingw32/9.1.0/include-fixed"]
  ignore line: [ignoring duplicate directory "C:/msys64/mingw64/lib/gcc/../../lib/gcc/x86_64-w64-mingw32/9.1.0/../../../../x86_64-w64-mingw32/include"]
  ignore line: [ignoring nonexistent directory "F:/msys64/mingw64/x86_64-w64-mingw32/include"]
  ignore line: [#include "..." search starts here:]
  ignore line: [#include <...> search starts here:]
  ignore line: [ C:/msys64/mingw64/bin/../lib/gcc/x86_64-w64-mingw32/9.1.0/../../../../include/c++/9.1.0]
  ignore line: [ C:/msys64/mingw64/bin/../lib/gcc/x86_64-w64-mingw32/9.1.0/../../../../include/c++/9.1.0/x86_64-w64-mingw32]
  ignore line: [ C:/msys64/mingw64/bin/../lib/gcc/x86_64-w64-mingw32/9.1.0/../../../../include/c++/9.1.0/backward]
  ignore line: [ C:/msys64/mingw64/bin/../lib/gcc/x86_64-w64-mingw32/9.1.0/include]
  ignore line: [ C:/msys64/mingw64/bin/../lib/gcc/x86_64-w64-mingw32/9.1.0/../../../../include]
  ignore line: [ C:/msys64/mingw64/bin/../lib/gcc/x86_64-w64-mingw32/9.1.0/include-fixed]
  ignore line: [ C:/msys64/mingw64/bin/../lib/gcc/x86_64-w64-mingw32/9.1.0/../../../../x86_64-w64-mingw32/include]
  ignore line: [End of search list.]
  ignore line: [GNU C++14 (Rev3, Built by MSYS2 project) version 9.1.0 (x86_64-w64-mingw32)]
  ignore line: [	compiled by GNU C version 9.1.0, GMP version 6.1.2, MPFR version 4.0.2, MPC version 1.1.0, isl version isl-0.21-GMP]
  ignore line: []
  ignore line: [GGC heuristics: --param ggc-min-expand=100 --param ggc-min-heapsize=131072]
  ignore line: [Compiler executable checksum: 7e2a5fd671f9a4fb37364690b7040e22]
  ignore line: [COLLECT_GCC_OPTIONS='-v' '-o' 'CMakeFiles/cmTC_06c7b.dir/CMakeCXXCompilerABI.cpp.o' '-c' '-shared-libgcc' '-mtune=generic' '-march=x86-64']
  ignore line: [ C:/msys64/mingw64/bin/../lib/gcc/x86_64-w64-mingw32/9.1.0/../../../../x86_64-w64-mingw32/bin/as.exe -v -o CMakeFiles/cmTC_06c7b.dir/CMakeCXXCompilerABI.cpp.o C:\Users\MAZEOF~1\AppData\Local\Temp\cc6BODtf.s]
  ignore line: [GNU assembler version 2.30 (x86_64-w64-mingw32) using BFD version (GNU Binutils) 2.30]
  ignore line: [COMPILER_PATH=C:/msys64/mingw64/bin/../lib/gcc/x86_64-w64-mingw32/9.1.0/]
  ignore line: [C:/msys64/mingw64/bin/../lib/gcc/]
  ignore line: [C:/msys64/mingw64/bin/../lib/gcc/x86_64-w64-mingw32/9.1.0/../../../../x86_64-w64-mingw32/bin/]
  ignore line: [LIBRARY_PATH=C:/msys64/mingw64/bin/../lib/gcc/x86_64-w64-mingw32/9.1.0/]
  ignore line: [C:/msys64/mingw64/bin/../lib/gcc/]
  ignore line: [C:/msys64/mingw64/bin/../lib/gcc/x86_64-w64-mingw32/9.1.0/../../../../x86_64-w64-mingw32/lib/../lib/]
  ignore line: [C:/msys64/mingw64/bin/../lib/gcc/x86_64-w64-mingw32/9.1.0/../../../../lib/]
  ignore line: [C:/msys64/mingw64/bin/../lib/gcc/x86_64-w64-mingw32/9.1.0/../../../../x86_64-w64-mingw32/lib/]
  ignore line: [C:/msys64/mingw64/bin/../lib/gcc/x86_64-w64-mingw32/9.1.0/../../../]
  ignore line: [COLLECT_GCC_OPTIONS='-v' '-o' 'CMakeFiles/cmTC_06c7b.dir/CMakeCXXCompilerABI.cpp.o' '-c' '-shared-libgcc' '-mtune=generic' '-march=x86-64']
  ignore line: [Linking CXX executable cmTC_06c7b.exe]
  ignore line: [/usr/bin/cmake.exe -E cmake_link_script CMakeFiles/cmTC_06c7b.dir/link.txt --verbose=1]
  ignore line: [/mingw64/bin/c++.exe    -Wl,--enable-auto-import -v CMakeFiles/cmTC_06c7b.dir/CMakeCXXCompilerABI.cpp.o  -o cmTC_06c7b.exe -Wl,--out-implib,libcmTC_06c7b.dll.a -Wl,--major-image-version,0,--minor-image-version,0 ]
  ignore line: [Using built-in specs.]
  ignore line: [COLLECT_GCC=C:\msys64\mingw64\bin\c++.exe]
  ignore line: [COLLECT_LTO_WRAPPER=C:/msys64/mingw64/bin/../lib/gcc/x86_64-w64-mingw32/9.1.0/lto-wrapper.exe]
  ignore line: [Target: x86_64-w64-mingw32]
  ignore line: [Configured with: ../gcc-9.1.0/configure --prefix=/mingw64 --with-local-prefix=/mingw64/local --build=x86_64-w64-mingw32 --host=x86_64-w64-mingw32 --target=x86_64-w64-mingw32 --with-native-system-header-dir=/mingw64/x86_64-w64-mingw32/include --libexecdir=/mingw64/lib --enable-bootstrap --with-arch=x86-64 --with-tune=generic --enable-languages=c,lto,c++,fortran,ada,objc,obj-c++ --enable-shared --enable-static --enable-libatomic --enable-threads=posix --enable-graphite --enable-fully-dynamic-string --enable-libstdcxx-filesystem-ts=yes --enable-libstdcxx-time=yes --disable-libstdcxx-pch --disable-libstdcxx-debug --disable-isl-version-check --enable-lto --enable-libgomp --disable-multilib --enable-checking=release --disable-rpath --disable-win32-registry --disable-nls --disable-werror --disable-symvers --enable-plugin --with-libiconv --with-system-zlib --with-gmp=/mingw64 --with-mpfr=/mingw64 --with-mpc=/mingw64 --with-isl=/mingw64 --with-pkgversion='Rev3, Built by MSYS2 project' --with-bugurl=https://sourceforge.net/projects/msys2 --with-gnu-as --with-gnu-ld]
  ignore line: [Thread model: posix]
  ignore line: [gcc version 9.1.0 (Rev3, Built by MSYS2 project) ]
  ignore line: [COMPILER_PATH=C:/msys64/mingw64/bin/../lib/gcc/x86_64-w64-mingw32/9.1.0/]
  ignore line: [C:/msys64/mingw64/bin/../lib/gcc/]
  ignore line: [C:/msys64/mingw64/bin/../lib/gcc/x86_64-w64-mingw32/9.1.0/../../../../x86_64-w64-mingw32/bin/]
  ignore line: [LIBRARY_PATH=C:/msys64/mingw64/bin/../lib/gcc/x86_64-w64-mingw32/9.1.0/]
  ignore line: [C:/msys64/mingw64/bin/../lib/gcc/]
  ignore line: [C:/msys64/mingw64/bin/../lib/gcc/x86_64-w64-mingw32/9.1.0/../../../../x86_64-w64-mingw32/lib/../lib/]
  ignore line: [C:/msys64/mingw64/bin/../lib/gcc/x86_64-w64-mingw32/9.1.0/../../../../lib/]
  ignore line: [C:/msys64/mingw64/bin/../lib/gcc/x86_64-w64-mingw32/9.1.0/../../../../x86_64-w64-mingw32/lib/]
  ignore line: [C:/msys64/mingw64/bin/../lib/gcc/x86_64-w64-mingw32/9.1.0/../../../]
  ignore line: [COLLECT_GCC_OPTIONS='-v' '-o' 'cmTC_06c7b.exe' '-shared-libgcc' '-mtune=generic' '-march=x86-64']
  link line: [ C:/msys64/mingw64/bin/../lib/gcc/x86_64-w64-mingw32/9.1.0/collect2.exe -plugin C:/msys64/mingw64/bin/../lib/gcc/x86_64-w64-mingw32/9.1.0/liblto_plugin-0.dll -plugin-opt=C:/msys64/mingw64/bin/../lib/gcc/x86_64-w64-mingw32/9.1.0/lto-wrapper.exe -plugin-opt=-fresolution=C:\Users\MAZEOF~1\AppData\Local\Temp\cc9AlUxd.res -plugin-opt=-pass-through=-lmingw32 -plugin-opt=-pass-through=-lgcc_s -plugin-opt=-pass-through=-lgcc -plugin-opt=-pass-through=-lmoldname -plugin-opt=-pass-through=-lmingwex -plugin-opt=-pass-through=-lmsvcrt -plugin-opt=-pass-through=-lpthread -plugin-opt=-pass-through=-ladvapi32 -plugin-opt=-pass-through=-lshell32 -plugin-opt=-pass-through=-luser32 -plugin-opt=-pass-through=-lkernel32 -plugin-opt=-pass-through=-lmingw32 -plugin-opt=-pass-through=-lgcc_s -plugin-opt=-pass-through=-lgcc -plugin-opt=-pass-through=-lmoldname -plugin-opt=-pass-through=-lmingwex -plugin-opt=-pass-through=-lmsvcrt -m i386pep -Bdynamic -o cmTC_06c7b.exe C:/msys64/mingw64/bin/../lib/gcc/x86_64-w64-mingw32/9.1.0/../../../../x86_64-w64-mingw32/lib/../lib/crt2.o C:/msys64/mingw64/bin/../lib/gcc/x86_64-w64-mingw32/9.1.0/crtbegin.o -LC:/msys64/mingw64/bin/../lib/gcc/x86_64-w64-mingw32/9.1.0 -LC:/msys64/mingw64/bin/../lib/gcc -LC:/msys64/mingw64/bin/../lib/gcc/x86_64-w64-mingw32/9.1.0/../../../../x86_64-w64-mingw32/lib/../lib -LC:/msys64/mingw64/bin/../lib/gcc/x86_64-w64-mingw32/9.1.0/../../../../lib -LC:/msys64/mingw64/bin/../lib/gcc/x86_64-w64-mingw32/9.1.0/../../../../x86_64-w64-mingw32/lib -LC:/msys64/mingw64/bin/../lib/gcc/x86_64-w64-mingw32/9.1.0/../../.. --enable-auto-import CMakeFiles/cmTC_06c7b.dir/CMakeCXXCompilerABI.cpp.o --out-implib libcmTC_06c7b.dll.a --major-image-version 0 --minor-image-version 0 -lstdc++ -lmingw32 -lgcc_s -lgcc -lmoldname -lmingwex -lmsvcrt -lpthread -ladvapi32 -lshell32 -luser32 -lkernel32 -lmingw32 -lgcc_s -lgcc -lmoldname -lmingwex -lmsvcrt C:/msys64/mingw64/bin/../lib/gcc/x86_64-w64-mingw32/9.1.0/../../../../x86_64-w64-mingw32/lib/../lib/default-manifest.o C:/msys64/mingw64/bin/../lib/gcc/x86_64-w64-mingw32/9.1.0/crtend.o]
    arg [C:/msys64/mingw64/bin/../lib/gcc/x86_64-w64-mingw32/9.1.0/collect2.exe] ==> ignore
    arg [-plugin] ==> ignore
    arg [C:/msys64/mingw64/bin/../lib/gcc/x86_64-w64-mingw32/9.1.0/liblto_plugin-0.dll] ==> ignore
    arg [-plugin-opt=C:/msys64/mingw64/bin/../lib/gcc/x86_64-w64-mingw32/9.1.0/lto-wrapper.exe] ==> ignore
    arg [-plugin-opt=-fresolution=C:UsersMAZEOF~1AppDataLocalTempcc9AlUxd.res] ==> ignore
    arg [-plugin-opt=-pass-through=-lmingw32] ==> ignore
    arg [-plugin-opt=-pass-through=-lgcc_s] ==> ignore
    arg [-plugin-opt=-pass-through=-lgcc] ==> ignore
    arg [-plugin-opt=-pass-through=-lmoldname] ==> ignore
    arg [-plugin-opt=-pass-through=-lmingwex] ==> ignore
    arg [-plugin-opt=-pass-through=-lmsvcrt] ==> ignore
    arg [-plugin-opt=-pass-through=-lpthread] ==> ignore
    arg [-plugin-opt=-pass-through=-ladvapi32] ==> ignore
    arg [-plugin-opt=-pass-through=-lshell32] ==> ignore
    arg [-plugin-opt=-pass-through=-luser32] ==> ignore
    arg [-plugin-opt=-pass-through=-lkernel32] ==> ignore
    arg [-plugin-opt=-pass-through=-lmingw32] ==> ignore
    arg [-plugin-opt=-pass-through=-lgcc_s] ==> ignore
    arg [-plugin-opt=-pass-through=-lgcc] ==> ignore
    arg [-plugin-opt=-pass-through=-lmoldname] ==> ignore
    arg [-plugin-opt=-pass-through=-lmingwex] ==> ignore
    arg [-plugin-opt=-pass-through=-lmsvcrt] ==> ignore
    arg [-m] ==> ignore
    arg [i386pep] ==> ignore
    arg [-Bdynamic] ==> ignore
    arg [-o] ==> ignore
    arg [cmTC_06c7b.exe] ==> ignore
    arg [C:/msys64/mingw64/bin/../lib/gcc/x86_64-w64-mingw32/9.1.0/../../../../x86_64-w64-mingw32/lib/../lib/crt2.o] ==> ignore
    arg [C:/msys64/mingw64/bin/../lib/gcc/x86_64-w64-mingw32/9.1.0/crtbegin.o] ==> ignore
    arg [-LC:/msys64/mingw64/bin/../lib/gcc/x86_64-w64-mingw32/9.1.0] ==> dir [C:/msys64/mingw64/bin/../lib/gcc/x86_64-w64-mingw32/9.1.0]
    arg [-LC:/msys64/mingw64/bin/../lib/gcc] ==> dir [C:/msys64/mingw64/bin/../lib/gcc]
    arg [-LC:/msys64/mingw64/bin/../lib/gcc/x86_64-w64-mingw32/9.1.0/../../../../x86_64-w64-mingw32/lib/../lib] ==> dir [C:/msys64/mingw64/bin/../lib/gcc/x86_64-w64-mingw32/9.1.0/../../../../x86_64-w64-mingw32/lib/../lib]
    arg [-LC:/msys64/mingw64/bin/../lib/gcc/x86_64-w64-mingw32/9.1.0/../../../../lib] ==> dir [C:/msys64/mingw64/bin/../lib/gcc/x86_64-w64-mingw32/9.1.0/../../../../lib]
    arg [-LC:/msys64/mingw64/bin/../lib/gcc/x86_64-w64-mingw32/9.1.0/../../../../x86_64-w64-mingw32/lib] ==> dir [C:/msys64/mingw64/bin/../lib/gcc/x86_64-w64-mingw32/9.1.0/../../../../x86_64-w64-mingw32/lib]
    arg [-LC:/msys64/mingw64/bin/../lib/gcc/x86_64-w64-mingw32/9.1.0/../../..] ==> dir [C:/msys64/mingw64/bin/../lib/gcc/x86_64-w64-mingw32/9.1.0/../../..]
    arg [--enable-auto-import] ==> ignore
    arg [CMakeFiles/cmTC_06c7b.dir/CMakeCXXCompilerABI.cpp.o] ==> ignore
    arg [--out-implib] ==> ignore
    arg [libcmTC_06c7b.dll.a] ==> ignore
    arg [--major-image-version] ==> ignore
    arg [0] ==> ignore
    arg [--minor-image-version] ==> ignore
    arg [0] ==> ignore
    arg [-lstdc++] ==> lib [stdc++]
    arg [-lmingw32] ==> lib [mingw32]
    arg [-lgcc_s] ==> lib [gcc_s]
    arg [-lgcc] ==> lib [gcc]
    arg [-lmoldname] ==> lib [moldname]
    arg [-lmingwex] ==> lib [mingwex]
    arg [-lmsvcrt] ==> lib [msvcrt]
    arg [-lpthread] ==> lib [pthread]
    arg [-ladvapi32] ==> lib [advapi32]
    arg [-lshell32] ==> lib [shell32]
    arg [-luser32] ==> lib [user32]
    arg [-lkernel32] ==> lib [kernel32]
    arg [-lmingw32] ==> lib [mingw32]
    arg [-lgcc_s] ==> lib [gcc_s]
    arg [-lgcc] ==> lib [gcc]
    arg [-lmoldname] ==> lib [moldname]
    arg [-lmingwex] ==> lib [mingwex]
    arg [-lmsvcrt] ==> lib [msvcrt]
    arg [C:/msys64/mingw64/bin/../lib/gcc/x86_64-w64-mingw32/9.1.0/../../../../x86_64-w64-mingw32/lib/../lib/default-manifest.o] ==> ignore
    arg [C:/msys64/mingw64/bin/../lib/gcc/x86_64-w64-mingw32/9.1.0/crtend.o] ==> ignore
  remove lib [msvcrt]
  remove lib [msvcrt]
  collapse library dir [C:/msys64/mingw64/bin/../lib/gcc/x86_64-w64-mingw32/9.1.0] ==> [C:/msys64/mingw64/lib/gcc/x86_64-w64-mingw32/9.1.0]
  collapse library dir [C:/msys64/mingw64/bin/../lib/gcc] ==> [C:/msys64/mingw64/lib/gcc]
  collapse library dir [C:/msys64/mingw64/bin/../lib/gcc/x86_64-w64-mingw32/9.1.0/../../../../x86_64-w64-mingw32/lib/../lib] ==> [C:/msys64/mingw64/x86_64-w64-mingw32/lib]
  collapse library dir [C:/msys64/mingw64/bin/../lib/gcc/x86_64-w64-mingw32/9.1.0/../../../../lib] ==> [C:/msys64/mingw64/lib]
  collapse library dir [C:/msys64/mingw64/bin/../lib/gcc/x86_64-w64-mingw32/9.1.0/../../../../x86_64-w64-mingw32/lib] ==> [C:/msys64/mingw64/x86_64-w64-mingw32/lib]
  collapse library dir [C:/msys64/mingw64/bin/../lib/gcc/x86_64-w64-mingw32/9.1.0/../../..] ==> [C:/msys64/mingw64/lib]
  implicit libs: [stdc++;mingw32;gcc_s;gcc;moldname;mingwex;pthread;advapi32;shell32;user32;kernel32;mingw32;gcc_s;gcc;moldname;mingwex]
  implicit dirs: [C:/msys64/mingw64/lib/gcc/x86_64-w64-mingw32/9.1.0;C:/msys64/mingw64/lib/gcc;C:/msys64/mingw64/x86_64-w64-mingw32/lib;C:/msys64/mingw64/lib]
  implicit fwks: []


